2015-12-14 15:23:29,855 [      0]   INFO - etbrains.jps.cmdline.BuildMain - Build process started. Classpath: /usr/share/intellij-idea-ultimate-edition/lib/jps-launcher.jar:/usr/lib/jvm/java-8-openjdk/lib/tools.jar:/usr/share/intellij-idea-ultimate-edition/lib/optimizedFileManager.jar:/usr/share/intellij-idea-ultimate-edition/lib/ecj-4.4.jar
2015-12-14 15:23:30,043 [    188]   INFO - etbrains.jps.cmdline.BuildMain - Connection to IDE established in 182 ms
2015-12-14 15:23:30,108 [    253]   INFO - jps.cmdline.JpsModelLoaderImpl - Loading model: project path = /home/mbs/workspace/java/RestLine, global options path = /home/mbs/.IntelliJIdea15/config/options
2015-12-14 15:23:30,262 [    407]   INFO - jps.cmdline.JpsModelLoaderImpl - Model loaded in 154 ms
2015-12-14 15:23:30,262 [    407]   INFO - jps.cmdline.JpsModelLoaderImpl - Project has 1 modules, 32 libraries
2015-12-14 15:23:30,310 [    455]   INFO - ellij.util.io.PagedFileStorage - lower=100; upper=200; buffer=10; max=631767040
2015-12-14 15:23:30,373 [    518]   INFO - .incremental.IncProjectBuilder - Building project; isRebuild:false; isMake:true parallel compilation:false
2015-12-14 15:23:30,374 [    519]   INFO - kotlin.jps.build.KotlinBuilder - is Kotlin incremental compilation enabled: true
2015-12-14 15:23:30,374 [    519]   INFO - kotlin.jps.build.KotlinBuilder - Label in local history: build started 7c897b10
2015-12-14 15:23:30,376 [    521]   INFO - r.api.ClassFilesIndicesBuilder - class files data index disabled
2015-12-14 15:23:30,416 [    561]   INFO - s.incremental.java.JavaBuilder - Using javac 1.8.0_66 to compile java sources
2015-12-14 15:23:30,418 [    563]   INFO - s.incremental.java.JavaBuilder - Compiling 39 java files; module: restline
2015-12-14 15:23:31,059 [   1204]   INFO - brains.jps.incremental.Builder - Dependency analysis found 0 affected files
2015-12-14 15:23:31,161 [   1306]   INFO - rains.jps.cmdline.BuildSession - Build duration: 'java' builder took 634 ms, 39 sources processed
2015-12-14 15:23:31,392 [      0]   INFO - etbrains.jps.cmdline.BuildMain - Build process started. Classpath: /usr/share/intellij-idea-ultimate-edition/lib/jps-launcher.jar:/usr/lib/jvm/java-8-openjdk/lib/tools.jar:/usr/share/intellij-idea-ultimate-edition/lib/optimizedFileManager.jar:/usr/share/intellij-idea-ultimate-edition/lib/ecj-4.4.jar
2015-12-14 15:23:31,549 [    157]   INFO - etbrains.jps.cmdline.BuildMain - Connection to IDE established in 143 ms
2015-12-14 15:23:31,585 [    193]   INFO - jps.cmdline.JpsModelLoaderImpl - Loading model: project path = /home/mbs/workspace/java/RestLine, global options path = /home/mbs/.IntelliJIdea15/config/options
2015-12-14 15:23:31,800 [    408]   INFO - jps.cmdline.JpsModelLoaderImpl - Model loaded in 215 ms
2015-12-14 15:23:31,800 [    408]   INFO - jps.cmdline.JpsModelLoaderImpl - Project has 1 modules, 32 libraries
2015-12-14 15:23:31,878 [    486]   INFO - ellij.util.io.PagedFileStorage - lower=100; upper=200; buffer=10; max=631767040
2015-12-14 15:23:31,960 [    568]   INFO - etbrains.jps.cmdline.BuildMain - Pre-loaded process ready in 568 ms
2015-12-14 15:23:36,015 [   4623]   INFO - .incremental.IncProjectBuilder - Building project; isRebuild:false; isMake:true parallel compilation:false
2015-12-14 15:23:36,015 [   4623]   INFO - kotlin.jps.build.KotlinBuilder - is Kotlin incremental compilation enabled: true
2015-12-14 15:23:36,015 [   4623]   INFO - kotlin.jps.build.KotlinBuilder - Label in local history: build started 66e5aff3
2015-12-14 15:23:36,017 [   4625]   INFO - r.api.ClassFilesIndicesBuilder - class files data index disabled
2015-12-14 15:23:36,296 [      0]   INFO - etbrains.jps.cmdline.BuildMain - Build process started. Classpath: /usr/share/intellij-idea-ultimate-edition/lib/jps-launcher.jar:/usr/lib/jvm/java-8-openjdk/lib/tools.jar:/usr/share/intellij-idea-ultimate-edition/lib/optimizedFileManager.jar:/usr/share/intellij-idea-ultimate-edition/lib/ecj-4.4.jar
2015-12-14 15:23:36,504 [    208]   INFO - etbrains.jps.cmdline.BuildMain - Connection to IDE established in 189 ms
2015-12-14 15:23:36,536 [    240]   INFO - jps.cmdline.JpsModelLoaderImpl - Loading model: project path = /home/mbs/workspace/java/RestLine, global options path = /home/mbs/.IntelliJIdea15/config/options
2015-12-14 15:23:36,649 [    353]   INFO - jps.cmdline.JpsModelLoaderImpl - Model loaded in 113 ms
2015-12-14 15:23:36,650 [    354]   INFO - jps.cmdline.JpsModelLoaderImpl - Project has 1 modules, 32 libraries
2015-12-14 15:23:36,692 [    396]   INFO - ellij.util.io.PagedFileStorage - lower=100; upper=200; buffer=10; max=631767040
2015-12-14 15:23:36,744 [    448]   INFO - etbrains.jps.cmdline.BuildMain - Pre-loaded process ready in 448 ms
2015-12-14 15:30:16,525 [ 400229]   INFO - rains.jps.cmdline.BuildSession - No changes found since last build. Exiting.
2015-12-14 15:30:17,057 [      0]   INFO - etbrains.jps.cmdline.BuildMain - Build process started. Classpath: /usr/share/intellij-idea-ultimate-edition/lib/jps-launcher.jar:/usr/lib/jvm/java-8-openjdk/lib/tools.jar:/usr/share/intellij-idea-ultimate-edition/lib/optimizedFileManager.jar:/usr/share/intellij-idea-ultimate-edition/lib/ecj-4.4.jar
2015-12-14 15:30:17,196 [    139]   INFO - etbrains.jps.cmdline.BuildMain - Connection to IDE established in 132 ms
2015-12-14 15:30:17,227 [    170]   INFO - jps.cmdline.JpsModelLoaderImpl - Loading model: project path = /home/mbs/workspace/java/RestLine, global options path = /home/mbs/.IntelliJIdea15/config/options
2015-12-14 15:30:17,341 [    284]   INFO - jps.cmdline.JpsModelLoaderImpl - Model loaded in 114 ms
2015-12-14 15:30:17,341 [    284]   INFO - jps.cmdline.JpsModelLoaderImpl - Project has 1 modules, 32 libraries
2015-12-14 15:30:17,387 [    330]   INFO - ellij.util.io.PagedFileStorage - lower=100; upper=200; buffer=10; max=631767040
2015-12-14 15:30:17,433 [    376]   INFO - etbrains.jps.cmdline.BuildMain - Pre-loaded process ready in 377 ms
2015-12-14 17:55:02,246 [8685189]   INFO - etbrains.jps.cmdline.BuildMain - Build canceled, but no build session is running. Exiting.
2015-12-14 18:35:25,603 [      0]   INFO - etbrains.jps.cmdline.BuildMain - Build process started. Classpath: /usr/share/intellij-idea-ultimate-edition/lib/jps-launcher.jar:/usr/lib/jvm/java-8-openjdk/lib/tools.jar:/usr/share/intellij-idea-ultimate-edition/lib/optimizedFileManager.jar:/usr/share/intellij-idea-ultimate-edition/lib/ecj-4.4.jar
2015-12-14 18:35:25,799 [    196]   INFO - etbrains.jps.cmdline.BuildMain - Connection to IDE established in 188 ms
2015-12-14 18:35:25,883 [    280]   INFO - jps.cmdline.JpsModelLoaderImpl - Loading model: project path = /home/mbs/workspace/java/RestLine, global options path = /home/mbs/.IntelliJIdea15/config/options
2015-12-14 18:35:26,138 [    535]   INFO - jps.cmdline.JpsModelLoaderImpl - Model loaded in 255 ms
2015-12-14 18:35:26,138 [    535]   INFO - jps.cmdline.JpsModelLoaderImpl - Project has 1 modules, 32 libraries
2015-12-14 18:35:26,230 [    627]   INFO - ellij.util.io.PagedFileStorage - lower=100; upper=500; buffer=10; max=631767040
2015-12-14 18:35:26,319 [    716]   INFO - .incremental.IncProjectBuilder - Building project; isRebuild:false; isMake:true parallel compilation:false
2015-12-14 18:35:26,321 [    718]   INFO - kotlin.jps.build.KotlinBuilder - is Kotlin incremental compilation enabled: true
2015-12-14 18:35:26,321 [    718]   INFO - kotlin.jps.build.KotlinBuilder - Label in local history: build started 2744d08d
2015-12-14 18:35:26,325 [    722]   INFO - r.api.ClassFilesIndicesBuilder - class files data index disabled
2015-12-14 18:35:26,693 [      0]   INFO - etbrains.jps.cmdline.BuildMain - Build process started. Classpath: /usr/share/intellij-idea-ultimate-edition/lib/jps-launcher.jar:/usr/lib/jvm/java-8-openjdk/lib/tools.jar:/usr/share/intellij-idea-ultimate-edition/lib/optimizedFileManager.jar:/usr/share/intellij-idea-ultimate-edition/lib/ecj-4.4.jar
2015-12-14 18:35:26,891 [    198]   INFO - etbrains.jps.cmdline.BuildMain - Connection to IDE established in 182 ms
2015-12-14 18:35:26,921 [    228]   INFO - jps.cmdline.JpsModelLoaderImpl - Loading model: project path = /home/mbs/workspace/java/RestLine, global options path = /home/mbs/.IntelliJIdea15/config/options
2015-12-14 18:35:27,038 [    345]   INFO - jps.cmdline.JpsModelLoaderImpl - Model loaded in 117 ms
2015-12-14 18:35:27,038 [    345]   INFO - jps.cmdline.JpsModelLoaderImpl - Project has 1 modules, 32 libraries
2015-12-14 18:35:27,081 [    388]   INFO - ellij.util.io.PagedFileStorage - lower=100; upper=500; buffer=10; max=631767040
2015-12-14 18:35:27,129 [    436]   INFO - etbrains.jps.cmdline.BuildMain - Pre-loaded process ready in 436 ms
2016-01-05 09:50:09,097 [      0]   INFO - etbrains.jps.cmdline.BuildMain - Build process started. Classpath: /usr/share/intellij-idea-ultimate-edition/lib/jps-launcher.jar:/usr/lib/jvm/java-8-openjdk/lib/tools.jar:/usr/share/intellij-idea-ultimate-edition/lib/optimizedFileManager.jar:/usr/share/intellij-idea-ultimate-edition/lib/ecj-4.4.jar
2016-01-05 09:50:09,449 [    352]   INFO - etbrains.jps.cmdline.BuildMain - Connection to IDE established in 339 ms
2016-01-05 09:50:09,510 [    413]   INFO - jps.cmdline.JpsModelLoaderImpl - Loading model: project path = /home/mbs/workspace/java/RestLine, global options path = /home/mbs/.IntelliJIdea15/config/options
2016-01-05 09:50:09,779 [    682]   INFO - jps.cmdline.JpsModelLoaderImpl - Model loaded in 269 ms
2016-01-05 09:50:09,779 [    682]   INFO - jps.cmdline.JpsModelLoaderImpl - Project has 1 modules, 32 libraries
2016-01-05 09:50:09,870 [    773]   INFO - ellij.util.io.PagedFileStorage - lower=100; upper=500; buffer=10; max=631767040
2016-01-05 09:50:09,990 [    893]   INFO - .incremental.IncProjectBuilder - Building project; isRebuild:false; isMake:true parallel compilation:false
2016-01-05 09:50:09,990 [    893]   INFO - kotlin.jps.build.KotlinBuilder - is Kotlin incremental compilation enabled: true
2016-01-05 09:50:09,990 [    893]   INFO - kotlin.jps.build.KotlinBuilder - Label in local history: build started 527e29f5
2016-01-05 09:50:09,992 [    895]   INFO - r.api.ClassFilesIndicesBuilder - class files data index disabled
2016-01-05 09:50:10,275 [   1178]   INFO - s.incremental.java.JavaBuilder - Using javac 1.8.0_66 to compile java sources
2016-01-05 09:50:10,276 [   1179]   INFO - s.incremental.java.JavaBuilder - Compiling 7 java files; module: restline
2016-01-05 09:50:11,847 [   2750]   INFO - brains.jps.incremental.Builder - Dependency analysis found 2 affected files
2016-01-05 09:50:11,952 [   2855]   INFO - s.incremental.java.JavaBuilder - Compiling 2 java files; module: restline
2016-01-05 09:50:12,305 [   3208]   INFO - brains.jps.incremental.Builder - Dependency analysis found 0 affected files
2016-01-05 09:50:12,362 [   3265]   INFO - rains.jps.cmdline.BuildSession - Build duration: 'NotNull instrumentation' builder took 62 ms, 0 sources processed
2016-01-05 09:50:12,362 [   3265]   INFO - rains.jps.cmdline.BuildSession - Build duration: 'java' builder took 1913 ms, 7 sources processed
2016-01-05 09:50:13,151 [      0]   INFO - etbrains.jps.cmdline.BuildMain - Build process started. Classpath: /usr/share/intellij-idea-ultimate-edition/lib/jps-launcher.jar:/usr/lib/jvm/java-8-openjdk/lib/tools.jar:/usr/share/intellij-idea-ultimate-edition/lib/optimizedFileManager.jar:/usr/share/intellij-idea-ultimate-edition/lib/ecj-4.4.jar
2016-01-05 09:50:13,509 [    358]   INFO - etbrains.jps.cmdline.BuildMain - Connection to IDE established in 322 ms
2016-01-05 09:50:13,570 [    419]   INFO - jps.cmdline.JpsModelLoaderImpl - Loading model: project path = /home/mbs/workspace/java/RestLine, global options path = /home/mbs/.IntelliJIdea15/config/options
2016-01-05 09:50:14,020 [    869]   INFO - jps.cmdline.JpsModelLoaderImpl - Model loaded in 450 ms
2016-01-05 09:50:14,020 [    869]   INFO - jps.cmdline.JpsModelLoaderImpl - Project has 1 modules, 32 libraries
2016-01-05 09:50:14,105 [    954]   INFO - ellij.util.io.PagedFileStorage - lower=100; upper=500; buffer=10; max=631767040
2016-01-05 09:50:14,167 [   1016]   INFO - etbrains.jps.cmdline.BuildMain - Pre-loaded process ready in 1019 ms
2016-01-05 10:52:49,752 [3756601]   INFO - rains.jps.cmdline.BuildSession - No changes found since last build. Exiting.
2016-01-05 10:52:50,008 [      0]   INFO - etbrains.jps.cmdline.BuildMain - Build process started. Classpath: /usr/share/intellij-idea-ultimate-edition/lib/jps-launcher.jar:/usr/lib/jvm/java-8-openjdk/lib/tools.jar:/usr/share/intellij-idea-ultimate-edition/lib/optimizedFileManager.jar:/usr/share/intellij-idea-ultimate-edition/lib/ecj-4.4.jar
2016-01-05 10:52:50,173 [    165]   INFO - etbrains.jps.cmdline.BuildMain - Connection to IDE established in 158 ms
2016-01-05 10:52:50,202 [    194]   INFO - jps.cmdline.JpsModelLoaderImpl - Loading model: project path = /home/mbs/workspace/java/RestLine, global options path = /home/mbs/.IntelliJIdea15/config/options
2016-01-05 10:52:50,374 [    366]   INFO - jps.cmdline.JpsModelLoaderImpl - Model loaded in 172 ms
2016-01-05 10:52:50,374 [    366]   INFO - jps.cmdline.JpsModelLoaderImpl - Project has 1 modules, 32 libraries
2016-01-05 10:52:50,419 [    411]   INFO - ellij.util.io.PagedFileStorage - lower=100; upper=500; buffer=10; max=631767040
2016-01-05 10:52:50,467 [    459]   INFO - etbrains.jps.cmdline.BuildMain - Pre-loaded process ready in 460 ms
2016-01-05 14:20:54,245 [      0]   INFO - etbrains.jps.cmdline.BuildMain - Build process started. Classpath: /usr/share/intellij-idea-ultimate-edition/lib/jps-launcher.jar:/usr/lib/jvm/java-8-openjdk/lib/tools.jar:/usr/share/intellij-idea-ultimate-edition/lib/optimizedFileManager.jar:/usr/share/intellij-idea-ultimate-edition/lib/ecj-4.4.jar
2016-01-05 14:20:54,407 [    162]   INFO - etbrains.jps.cmdline.BuildMain - Connection to IDE established in 153 ms
2016-01-05 14:20:54,471 [    226]   INFO - jps.cmdline.JpsModelLoaderImpl - Loading model: project path = /home/mbs/workspace/java/RestLine, global options path = /home/mbs/.IntelliJIdea15/config/options
2016-01-05 14:20:54,615 [    370]   INFO - jps.cmdline.JpsModelLoaderImpl - Model loaded in 144 ms
2016-01-05 14:20:54,615 [    370]   INFO - jps.cmdline.JpsModelLoaderImpl - Project has 1 modules, 32 libraries
2016-01-05 14:20:54,660 [    415]   INFO - ellij.util.io.PagedFileStorage - lower=100; upper=500; buffer=10; max=631767040
2016-01-05 14:20:54,722 [    477]   INFO - .incremental.IncProjectBuilder - Building project; isRebuild:false; isMake:true parallel compilation:false
2016-01-05 14:20:54,723 [    478]   INFO - kotlin.jps.build.KotlinBuilder - is Kotlin incremental compilation enabled: true
2016-01-05 14:20:54,723 [    478]   INFO - kotlin.jps.build.KotlinBuilder - Label in local history: build started 2d43f5a5
2016-01-05 14:20:54,724 [    479]   INFO - r.api.ClassFilesIndicesBuilder - class files data index disabled
2016-01-05 14:20:55,053 [      0]   INFO - etbrains.jps.cmdline.BuildMain - Build process started. Classpath: /usr/share/intellij-idea-ultimate-edition/lib/jps-launcher.jar:/usr/lib/jvm/java-8-openjdk/lib/tools.jar:/usr/share/intellij-idea-ultimate-edition/lib/optimizedFileManager.jar:/usr/share/intellij-idea-ultimate-edition/lib/ecj-4.4.jar
2016-01-05 14:20:55,227 [    174]   INFO - etbrains.jps.cmdline.BuildMain - Connection to IDE established in 157 ms
2016-01-05 14:20:55,257 [    204]   INFO - jps.cmdline.JpsModelLoaderImpl - Loading model: project path = /home/mbs/workspace/java/RestLine, global options path = /home/mbs/.IntelliJIdea15/config/options
2016-01-05 14:20:55,380 [    327]   INFO - jps.cmdline.JpsModelLoaderImpl - Model loaded in 123 ms
2016-01-05 14:20:55,380 [    327]   INFO - jps.cmdline.JpsModelLoaderImpl - Project has 1 modules, 32 libraries
2016-01-05 14:20:55,423 [    370]   INFO - ellij.util.io.PagedFileStorage - lower=100; upper=500; buffer=10; max=631767040
2016-01-05 14:20:55,473 [    420]   INFO - etbrains.jps.cmdline.BuildMain - Pre-loaded process ready in 420 ms
2016-01-08 09:36:03,699 [      0]   INFO - etbrains.jps.cmdline.BuildMain - Build process started. Classpath: /usr/share/intellij-idea-ultimate-edition/lib/jps-launcher.jar:/usr/lib/jvm/java-8-openjdk/lib/tools.jar:/usr/share/intellij-idea-ultimate-edition/lib/optimizedFileManager.jar:/usr/share/intellij-idea-ultimate-edition/lib/ecj-4.4.jar
2016-01-08 09:36:03,881 [    182]   INFO - etbrains.jps.cmdline.BuildMain - Connection to IDE established in 175 ms
2016-01-08 09:36:03,952 [    253]   INFO - jps.cmdline.JpsModelLoaderImpl - Loading model: project path = /home/mbs/workspace/java/RestLine, global options path = /home/mbs/.IntelliJIdea15/config/options
2016-01-08 09:36:04,092 [    393]   INFO - jps.cmdline.JpsModelLoaderImpl - Model loaded in 140 ms
2016-01-08 09:36:04,092 [    393]   INFO - jps.cmdline.JpsModelLoaderImpl - Project has 1 modules, 32 libraries
2016-01-08 09:36:04,139 [    440]   INFO - ellij.util.io.PagedFileStorage - lower=100; upper=500; buffer=10; max=631767040
2016-01-08 09:36:04,201 [    502]   INFO - .incremental.IncProjectBuilder - Building project; isRebuild:false; isMake:true parallel compilation:false
2016-01-08 09:36:04,202 [    503]   INFO - kotlin.jps.build.KotlinBuilder - is Kotlin incremental compilation enabled: true
2016-01-08 09:36:04,202 [    503]   INFO - kotlin.jps.build.KotlinBuilder - Label in local history: build started 6d31c092
2016-01-08 09:36:04,204 [    505]   INFO - r.api.ClassFilesIndicesBuilder - class files data index disabled
2016-01-08 09:36:04,735 [      0]   INFO - etbrains.jps.cmdline.BuildMain - Build process started. Classpath: /usr/share/intellij-idea-ultimate-edition/lib/jps-launcher.jar:/usr/lib/jvm/java-8-openjdk/lib/tools.jar:/usr/share/intellij-idea-ultimate-edition/lib/optimizedFileManager.jar:/usr/share/intellij-idea-ultimate-edition/lib/ecj-4.4.jar
2016-01-08 09:36:04,971 [    236]   INFO - etbrains.jps.cmdline.BuildMain - Connection to IDE established in 209 ms
2016-01-08 09:36:05,006 [    271]   INFO - jps.cmdline.JpsModelLoaderImpl - Loading model: project path = /home/mbs/workspace/java/RestLine, global options path = /home/mbs/.IntelliJIdea15/config/options
2016-01-08 09:36:05,210 [    475]   INFO - jps.cmdline.JpsModelLoaderImpl - Model loaded in 204 ms
2016-01-08 09:36:05,210 [    475]   INFO - jps.cmdline.JpsModelLoaderImpl - Project has 1 modules, 32 libraries
2016-01-08 09:36:05,280 [    545]   INFO - ellij.util.io.PagedFileStorage - lower=100; upper=500; buffer=10; max=631767040
2016-01-08 09:36:05,340 [    605]   INFO - etbrains.jps.cmdline.BuildMain - Pre-loaded process ready in 606 ms
